This file contains any messages produced by compilers while
running configure, to aid debugging if configure makes a mistake.

It was created by kawa configure 2.0, which was
generated by GNU Autoconf 2.69.  Invocation command line was

  $ ./configure 

## --------- ##
## Platform. ##
## --------- ##

hostname = mitchell-ThinkPad-T440s
uname -m = x86_64
uname -r = 3.13.0-49-generic
uname -s = Linux
uname -v = #83-Ubuntu SMP Fri Apr 10 20:11:33 UTC 2015

/usr/bin/uname -p = unknown
/bin/uname -X     = unknown

/bin/arch              = unknown
/usr/bin/arch -k       = unknown
/usr/convex/getsysinfo = unknown
/usr/bin/hostinfo      = unknown
/bin/machine           = unknown
/usr/bin/oslevel       = unknown
/bin/universe          = unknown

PATH: /home/mitchell/bin
PATH: /usr/local/sbin
PATH: /usr/local/bin
PATH: /usr/sbin
PATH: /usr/bin
PATH: /sbin
PATH: /bin
PATH: /usr/games
PATH: /usr/local/games
PATH: /usr/lib/jvm/java-7-oracle/bin
PATH: /usr/lib/jvm/java-7-oracle/db/bin
PATH: /usr/lib/jvm/java-7-oracle/jre/bin


## ----------- ##
## Core tests. ##
## ----------- ##

configure:1825: checking whether to enable maintainer-specific portions of Makefiles
configure:1834: result: no
configure:1880: checking build system type
configure:1894: result: x86_64-unknown-linux-gnu
configure:1914: checking host system type
configure:1927: result: x86_64-unknown-linux-gnu
configure:1964: checking for a BSD-compatible install
configure:2032: result: /usr/bin/install -c
configure:2043: checking whether build environment is sane
configure:2098: result: yes
configure:2249: checking for a thread-safe mkdir -p
configure:2288: result: /bin/mkdir -p
configure:2295: checking for gawk
configure:2311: found /usr/bin/gawk
configure:2322: result: gawk
configure:2333: checking whether make sets $(MAKE)
configure:2355: result: yes
configure:2384: checking whether make supports nested variables
configure:2401: result: yes
configure:2708: checking whether ln -s works
configure:2712: result: yes
configure:2744: checking for Posix find command
configure:2777: result: /usr/bin/find
configure:3156: checking that generated files are newer than configure
configure:3162: result: done
configure:3242: creating ./config.status

## ---------------------- ##
## Running config.status. ##
## ---------------------- ##

This file was extended by kawa config.status 2.0, which was
generated by GNU Autoconf 2.69.  Invocation command line was

  CONFIG_FILES    = 
  CONFIG_HEADERS  = 
  CONFIG_LINKS    = 
  CONFIG_COMMANDS = 
  $ ./config.status 

on mitchell-ThinkPad-T440s

config.status:879: creating Makefile
config.status:879: creating gnu/bytecode/Makefile
config.status:879: creating gnu/math/Makefile
config.status:879: creating gnu/Makefile
config.status:879: creating bin/kawa.sh
config.status:879: creating bin/qexo
config.status:879: creating gnu/kawa/servlet/Makefile
config.status:879: creating gnu/brl/Makefile
config.status:879: creating gnu/kawa/brl/Makefile
config.status:879: creating gnu/kawa/slib/Makefile
config.status:879: creating gnu/commonlisp/lang/Makefile
config.status:879: creating gnu/commonlisp/lisp/Makefile
config.status:879: creating gnu/commonlisp/testsuite/Makefile
config.status:879: creating gnu/jemacs/lang/Makefile
config.status:879: creating gnu/jemacs/buffer/Makefile
config.status:879: creating gnu/jemacs/lisp/Makefile
config.status:879: creating gnu/jemacs/testsuite/Makefile
config.status:879: creating gnu/jemacs/swing/Makefile
config.status:879: creating gnu/jemacs/swt/Makefile
config.status:879: creating kawa/Makefile
config.status:879: creating kawa/lib/Makefile
config.status:879: creating gnu/q2/lang/Makefile
config.status:879: creating gnu/q2/testsuite/Makefile
config.status:879: creating gnu/xquery/util/Makefile
config.status:879: creating gnu/xquery/lang/Makefile
config.status:879: creating gnu/xquery/testsuite/Makefile
config.status:879: creating gnu/kawa/android/Makefile
config.status:879: creating gnu/kawa/javafx/Makefile
config.status:879: creating doc/Makefile
config.status:879: creating testsuite/Makefile
config.status:1068: linking gnu/xquery/testsuite/outline.xml.in to gnu/xquery/testsuite/outline.xml
config.status:1068: linking gnu/xquery/testsuite/tab.xml.in to gnu/xquery/testsuite/tab.xml
config.status:1068: linking gnu/xquery/testsuite/bib.xml.in to gnu/xquery/testsuite/bib.xml
config.status:1068: linking gnu/xquery/testsuite/auction.xml.in to gnu/xquery/testsuite/auction.xml
config.status:1068: linking gnu/xquery/testsuite/book1.xml.in to gnu/xquery/testsuite/book1.xml
config.status:1068: linking gnu/xquery/testsuite/report1.xml.in to gnu/xquery/testsuite/report1.xml
config.status:1068: linking gnu/xquery/testsuite/reviews.xml.in to gnu/xquery/testsuite/reviews.xml
config.status:1068: linking gnu/xquery/testsuite/items.xml.in to gnu/xquery/testsuite/items.xml
config.status:1068: linking gnu/xquery/testsuite/bids.xml.in to gnu/xquery/testsuite/bids.xml
config.status:1068: linking gnu/xquery/testsuite/users.xml.in to gnu/xquery/testsuite/users.xml
config.status:1068: linking testsuite/scribble.html.in to testsuite/scribble.html

## ---------------- ##
## Cache variables. ##
## ---------------- ##

ac_cv_build=x86_64-unknown-linux-gnu
ac_cv_env_build_alias_set=
ac_cv_env_build_alias_value=
ac_cv_env_host_alias_set=
ac_cv_env_host_alias_value=
ac_cv_env_target_alias_set=
ac_cv_env_target_alias_value=
ac_cv_host=x86_64-unknown-linux-gnu
ac_cv_path_FIND=/usr/bin/find
ac_cv_path_install='/usr/bin/install -c'
ac_cv_path_mkdir=/bin/mkdir
ac_cv_prog_AWK=gawk
ac_cv_prog_make_make_set=yes
am_cv_make_support_nested_variables=yes

## ----------------- ##
## Output variables. ##
## ----------------- ##

ACLOCAL='${SHELL} /home/mitchell/Documents/IntroToCogSci/LEGUP/kawa-2.0/missing aclocal-1.14'
AMTAR='$${TAR-tar}'
AM_BACKSLASH='\'
AM_DEFAULT_V='$(AM_DEFAULT_VERBOSITY)'
AM_DEFAULT_VERBOSITY='1'
AM_V='$(V)'
AUTOCONF='${SHELL} /home/mitchell/Documents/IntroToCogSci/LEGUP/kawa-2.0/missing autoconf'
AUTOHEADER='${SHELL} /home/mitchell/Documents/IntroToCogSci/LEGUP/kawa-2.0/missing autoheader'
AUTOMAKE='${SHELL} /home/mitchell/Documents/IntroToCogSci/LEGUP/kawa-2.0/missing automake-1.14'
AWK='gawk'
BYTECODE_VERSION='2.0'
CLASSPATH_SEPARATOR=':'
CYGPATH_W='echo'
DEFS='-DPACKAGE_NAME=\"kawa\" -DPACKAGE_TARNAME=\"kawa\" -DPACKAGE_VERSION=\"2.0\" -DPACKAGE_STRING=\"kawa\ 2.0\" -DPACKAGE_BUGREPORT=\"\" -DPACKAGE_URL=\"\" -DPACKAGE=\"kawa\" -DVERSION=\"2.0\"'
ECHO_C=''
ECHO_N='-n'
ECHO_T=''
ENABLE_BRL_FALSE=''
ENABLE_BRL_TRUE='#'
ENABLE_ECHO2_FALSE=''
ENABLE_ECHO2_TRUE='#'
ENABLE_JEMACS_FALSE=''
ENABLE_JEMACS_TRUE='#'
ENABLE_KAWA_FRONTEND_FALSE=''
ENABLE_KAWA_FRONTEND_TRUE='#'
ENABLE_SERVLET_FALSE=''
ENABLE_SERVLET_TRUE='#'
ENABLE_XML_FALSE='#'
ENABLE_XML_TRUE=''
ENABLE_XQUERY_FALSE='#'
ENABLE_XQUERY_TRUE=''
FIND='/usr/bin/find'
INSTALL_DATA='${INSTALL} -m 644'
INSTALL_PROGRAM='${INSTALL}'
INSTALL_SCRIPT='${INSTALL}'
INSTALL_STRIP_PROGRAM='$(install_sh) -c -s'
JAVA='java'
JAVAC='javac'
JAVACFLAGS='-g'
JAVA_SOURCE='7'
JEMACS_VERSION='2.0'
KAWA_SHELL='/bin/bash'
LIBOBJS=''
LIBS=''
LN_S='ln -s'
LTLIBOBJS=''
MAINT='#'
MAINTAINER_MODE_FALSE=''
MAINTAINER_MODE_TRUE='#'
MAKEINFO='${SHELL} /home/mitchell/Documents/IntroToCogSci/LEGUP/kawa-2.0/missing makeinfo'
MKDIR_P='/bin/mkdir -p'
ON_WINDOWS_FALSE=''
ON_WINDOWS_TRUE='#'
PACKAGE='kawa'
PACKAGE_BUGREPORT=''
PACKAGE_NAME='kawa'
PACKAGE_STRING='kawa 2.0'
PACKAGE_TARNAME='kawa'
PACKAGE_URL=''
PACKAGE_VERSION='2.0'
PATH_SEPARATOR=':'
SAX2_PREPROCESS=''
SET_MAKE=''
SHELL='/bin/bash'
STRIP=''
TOP_BUILDDIR='/home/mitchell/Documents/IntroToCogSci/LEGUP/kawa-2.0'
VERSION='2.0'
WITH_ANDROID_FALSE=''
WITH_ANDROID_TRUE='#'
WITH_AWT_FALSE='#'
WITH_AWT_TRUE=''
WITH_HTTPSERVER_FALSE='#'
WITH_HTTPSERVER_TRUE=''
WITH_JAVAFX_ARG=''
WITH_JAVAFX_FALSE=''
WITH_JAVAFX_TRUE='#'
WITH_JAVAX_SCRIPT_FALSE='#'
WITH_JAVAX_SCRIPT_TRUE=''
WITH_LIBTOOL_FALSE=''
WITH_LIBTOOL_TRUE='#'
WITH_SAX2_FALSE='#'
WITH_SAX2_TRUE=''
WITH_SERVLET_ARG=''
WITH_SWING_FALSE='#'
WITH_SWING_TRUE=''
WITH_SWT_FALSE=''
WITH_SWT_TRUE='#'
WITH_XQTS_FALSE=''
WITH_XQTS_TRUE='#'
XQTS_PATH='XQTS'
am__isrc=''
am__leading_dot='.'
am__tar='$${TAR-tar} chof - "$$tardir"'
am__untar='$${TAR-tar} xf -'
bindir='${exec_prefix}/bin'
build='x86_64-unknown-linux-gnu'
build_alias=''
build_cpu='x86_64'
build_os='linux-gnu'
build_vendor='unknown'
conf_classpath=''
datadir='${datarootdir}'
datarootdir='${prefix}/share'
docdir='${datarootdir}/doc/${PACKAGE_TARNAME}'
dvidir='${docdir}'
exec_prefix='${prefix}'
filesep='/'
host='x86_64-unknown-linux-gnu'
host_alias=''
host_cpu='x86_64'
host_os='linux-gnu'
host_vendor='unknown'
htmldir='${docdir}'
includedir='${prefix}/include'
infodir='${datarootdir}/info'
install_sh='${SHELL} /home/mitchell/Documents/IntroToCogSci/LEGUP/kawa-2.0/install-sh'
libdir='${exec_prefix}/lib'
libexecdir='${exec_prefix}/libexec'
localedir='${datarootdir}/locale'
localstatedir='${prefix}/var'
mandir='${datarootdir}/man'
mkdir_p='$(MKDIR_P)'
oldincludedir='/usr/include'
pathsep=':'
pdfdir='${docdir}'
prefix='/usr/local'
program_transform_name='s,x,x,'
psdir='${docdir}'
sbindir='${exec_prefix}/sbin'
sharedstatedir='${prefix}/com'
subdirs=''
sysconfdir='${prefix}/etc'
target_alias=''

## ------------------- ##
## File substitutions. ##
## ------------------- ##

Make_rules='./Make-rules'

## ----------- ##
## confdefs.h. ##
## ----------- ##

/* confdefs.h */
#define PACKAGE_NAME "kawa"
#define PACKAGE_TARNAME "kawa"
#define PACKAGE_VERSION "2.0"
#define PACKAGE_STRING "kawa 2.0"
#define PACKAGE_BUGREPORT ""
#define PACKAGE_URL ""
#define PACKAGE "kawa"
#define VERSION "2.0"

configure: exit 0
